<?xml version="1.0" encoding="UTF-8"?>
<!-- Generated by org.testng.reporters.JUnitXMLReporter -->
<testsuite ignored="0" hostname="Kunals-MacBook-Pro.local" failures="0" tests="4" name="Default test" time="0.027" errors="0" timestamp="2025-06-28T15:01:13 IST">
  <testcase classname="testng.testngDependsOnMethod.DependsOnMethod" name="launchBrowser" time="0.005"/>
  <testcase classname="testng.testngDependsOnMethod.DependsOnMethod" name="doUserRegister" time="0.001"/>
  <testcase classname="testng.testngDependsOnMethod.DependsOnMethod" name="doUserRegisterOTP" time="0.0"/>
  <testcase classname="testng.testngDependsOnMethod.DependsOnMethod" name="doLogin" time="0.001"/>
</testsuite> <!-- Default test -->
