<?xml version="1.0" encoding="UTF-8"?>
<testng-results ignored="0" total="1" passed="1" failed="0" skipped="0">
  <reporter-output>
  </reporter-output>
  <suite started-at="2025-06-28T16:18:53 IST" name="Default suite" finished-at="2025-06-28T16:18:53 IST" duration-ms="17">
    <groups>
    </groups>
    <test started-at="2025-06-28T16:18:53 IST" name="Default test" finished-at="2025-06-28T16:18:53 IST" duration-ms="17">
      <class name="testng.testngAnnotation.TestCase">
        <test-method is-config="true" signature="setup()[pri:0, instance:testng.testngAnnotation.TestCase@49e53c76]" started-at="2025-06-28T16:18:53 IST" name="setup" finished-at="2025-06-28T16:18:53 IST" duration-ms="5" status="PASS">
          <reporter-output>
          </reporter-output>
        </test-method> <!-- setup -->
        <test-method signature="userRegistration()[pri:0, instance:testng.testngAnnotation.TestCase@49e53c76]" started-at="2025-06-28T16:18:53 IST" name="userRegistration" finished-at="2025-06-28T16:18:53 IST" duration-ms="3" status="PASS">
          <reporter-output>
          </reporter-output>
        </test-method> <!-- userRegistration -->
        <test-method is-config="true" signature="tearDown()[pri:0, instance:testng.testngAnnotation.TestCase@49e53c76]" started-at="2025-06-28T16:18:53 IST" name="tearDown" finished-at="2025-06-28T16:18:53 IST" duration-ms="0" status="PASS">
          <reporter-output>
          </reporter-output>
        </test-method> <!-- tearDown -->
      </class> <!-- testng.testngAnnotation.TestCase -->
    </test> <!-- Default test -->
  </suite> <!-- Default suite -->
</testng-results>
