<?xml version="1.0" encoding="UTF-8"?>
<!-- Generated by org.testng.reporters.JUnitXMLReporter -->
<testsuite ignored="24" hostname="Kunals-MacBook-Pro.local" failures="0" tests="3" name="Test" time="0.024" errors="0" timestamp="2025-06-28T16:00:31 IST">
  <testcase classname="testng.testNGGroups.Groups" name="doLogin" time="0.005"/>
  <testcase classname="testng.testNGGroups.Groups" name="doUserRegister" time="0.001"/>
  <testcase classname="testng.testNGGroups.Groups" name="doUserRegisterOTP" time="0.001"/>
  <testcase classname="testng.testngAnnotation.TestNGBeforeTest" name="doUserRegister" time="0.0">
    <ignored/>
  </testcase> <!-- doUserRegister -->
  <testcase classname="testng.testngAnnotation.TestNGAfterMethod" name="doUserRegister" time="0.0">
    <ignored/>
  </testcase> <!-- doUserRegister -->
  <testcase classname="testng.testngAnnotation.TestNGAeforeTest" name="doUserRegister" time="0.0">
    <ignored/>
  </testcase> <!-- doUserRegister -->
  <testcase classname="testng.testngPriority.TestNGPriority" name="doLogin" time="0.0">
    <ignored/>
  </testcase> <!-- doLogin -->
  <testcase classname="testng.testngPriority.TestNGPriority" name="doUserRegister" time="0.0">
    <ignored/>
  </testcase> <!-- doUserRegister -->
  <testcase classname="testng.testngAnnotation.TestNGBeforeMethod" name="doLogin" time="0.0">
    <ignored/>
  </testcase> <!-- doLogin -->
  <testcase classname="testng.testngAnnotation.TestAnnotation" name="doLogin" time="0.0">
    <ignored/>
  </testcase> <!-- doLogin -->
  <testcase classname="testng.testngDependsOnMethod.DependsOnMethod" name="doUserRegister" time="0.0">
    <ignored/>
  </testcase> <!-- doUserRegister -->
  <testcase classname="testng.testngAnnotation.TestNGAfterMethod" name="doLogin" time="0.0">
    <ignored/>
  </testcase> <!-- doLogin -->
  <testcase classname="testng.testNGGroups.Groups" name="launchBrowser" time="0.0">
    <ignored/>
  </testcase> <!-- launchBrowser -->
  <testcase classname="testng.testngSoftAssertion.SoftAssertion" name="validateTitle" time="0.0">
    <ignored/>
  </testcase> <!-- validateTitle -->
  <testcase classname="testng.testNGTestSuite.TestSuite" name="doUserRegisterOTP" time="0.0">
    <ignored/>
  </testcase> <!-- doUserRegisterOTP -->
  <testcase classname="testng.testngAnnotation.TestNGBeforeTest" name="doLogin" time="0.0">
    <ignored/>
  </testcase> <!-- doLogin -->
  <testcase classname="testng.testngAnnotation.TestNGBeforeMethod" name="doUserRegister" time="0.0">
    <ignored/>
  </testcase> <!-- doUserRegister -->
  <testcase classname="testng.testNGTestSuite.TestSuite" name="doUserRegister" time="0.0">
    <ignored/>
  </testcase> <!-- doUserRegister -->
  <testcase classname="testng.testngAnnotation.TestAnnotation" name="doUserRegister" time="0.0">
    <ignored/>
  </testcase> <!-- doUserRegister -->
  <testcase classname="testng.testNGTestSuite.TestSuite" name="launchBrowser" time="0.0">
    <ignored/>
  </testcase> <!-- launchBrowser -->
  <testcase classname="testng.testngAssertions.TestNGForceValidations" name="validateTitle" time="0.0">
    <ignored/>
  </testcase> <!-- validateTitle -->
  <testcase classname="testng.testngAnnotation.TestNGAeforeTest" name="doLogin" time="0.0">
    <ignored/>
  </testcase> <!-- doLogin -->
  <testcase classname="testng.testngDependsOnMethod.DependsOnMethod" name="doUserRegisterOTP" time="0.0">
    <ignored/>
  </testcase> <!-- doUserRegisterOTP -->
  <testcase classname="testng.testNGTestSuite.TestSuite" name="doLogin" time="0.0">
    <ignored/>
  </testcase> <!-- doLogin -->
  <testcase classname="testng.testngDependsOnMethod.DependsOnMethod" name="doLogin" time="0.0">
    <ignored/>
  </testcase> <!-- doLogin -->
  <testcase classname="testng.testngAssertions.TestNGValidations" name="validateTitle" time="0.0">
    <ignored/>
  </testcase> <!-- validateTitle -->
  <testcase classname="testng.testngDependsOnMethod.DependsOnMethod" name="launchBrowser" time="0.0">
    <ignored/>
  </testcase> <!-- launchBrowser -->
</testsuite> <!-- Test -->
