<?xml version="1.0" encoding="UTF-8"?>
<!-- Generated by org.testng.reporters.JUnitXMLReporter -->
<testsuite ignored="0" hostname="Kunals-MacBook-Pro.local" failures="1" tests="3" name="Test" time="0.081" errors="0" timestamp="2025-06-29T10:26:26 IST">
  <testcase classname="allureReporting.testcases.TestCases" name="doLogin" time="0.028"/>
  <testcase classname="allureReporting.testcases.TestCases" name="doUserReg" time="0.003">
    <failure type="java.lang.AssertionError" message="Failing test case">
      <![CDATA[java.lang.AssertionError: Failing test case
at allureReporting.testcases.TestCases.doUserReg(TestCases.java:38)
at java.base/java.util.ArrayList.forEach(ArrayList.java:1604)
... Removed 26 stack frames]]>
    </failure>
  </testcase> <!-- doUserReg -->
  <testcase classname="allureReporting.testcases.TestCases" name="isSkip" time="0.002">
    <skipped/>
  </testcase> <!-- isSkip -->
</testsuite> <!-- Test -->
